 
 1          OPTIONS NONOTES NOSTIMER NOSOURCE NOSYNTAXCHECK;
 72         
 73         /*--Histogram--*/
 74         
 75         title 'Distribution of Mileage';
 76         proc sgplot data=sashelp.cars(where=(type ne 'Hybrid'));
 77           histogram mpg_city;
 78           density mpg_city / lineattrs=(pattern=solid);
 79           density mpg_city / type=kernel lineattrs=(pattern=solid);
 80           keylegend / location=inside position=topright across=1;
 81           yaxis offsetmin=0 grid;
 82         run;
 
 NOTE: PROCEDURE SGPLOT used (Total process time):
       real time           0.75 seconds
       cpu time            0.20 seconds
       
 NOTE: There were 425 observations read from the data set SASHELP.CARS.
       WHERE type not = 'Hybrid';
 
 83         
 84         
 85         
 86         OPTIONS NONOTES NOSTIMER NOSOURCE NOSYNTAXCHECK;
 99         
